#
# A fatal error has been detected by the Java Runtime Environment:
#
#  EXCEPTION_ACCESS_VIOLATION (0xc0000005) at pc=0x00000000661a4be9, pid=6268, tid=0x00000000000018bc
#
# JRE version: OpenJDK Runtime Environment (8.0_202-b03) (build 1.8.0_202-release-1483-b03)
# Java VM: OpenJDK 64-Bit Server VM (25.202-b03 mixed mode windows-amd64 compressed oops)
# Problematic frame:
# C  [gdx-liquidfun64.dll+0x24be9]
#
# Failed to write core dump. Minidumps are not enabled by default on client versions of Windows
#
# If you would like to submit a bug report, please visit:
#   http://bugreport.java.com/bugreport/crash.jsp
# The crash happened outside the Java Virtual Machine in native code.
# See problematic frame for where to report the bug.
#

---------------  T H R E A D  ---------------

Current thread (0x0000000019120000):  JavaThread "LWJGL Application" [_thread_in_native, id=6332, stack(0x000000001a480000,0x000000001a580000)]

siginfo: ExceptionCode=0xc0000005, reading address 0x00000000268f6a8c

Registers:
RAX=0x00000000268f6a8c, RBX=0x0000000019466a70, RCX=0xffffffffffffae8c, RDX=0x000000003331c074
RSP=0x000000001a57ec00, RBP=0x000000001a57ecd0, RSI=0x000000001a57ec50, RDI=0x000000001a57ecd0
R8 =0x000000002690b060, R9 =0x00000000363d8938, R10=0x0000000032cc7060, R11=0x0000000032303068
R12=0x000000001a57ecb0, R13=0x00000000171891b8, R14=0x000000001a57eee0, R15=0x0000000019120000
RIP=0x00000000661a4be9, EFLAGS=0x0000000000010297

Top of Stack: (sp=0x000000001a57ec00)
0x000000001a57ec00:   0000000000000000 000000001943cbb8
0x000000001a57ec10:   0000000019466a70 000000001a57ec50
0x000000001a57ec20:   0000000019466a70 00000000661aef73
0x000000001a57ec30:   000000001a57ec50 0000000000000000
0x000000001a57ec40:   000000001a57ecc0 000000006618ba23
0x000000001a57ec50:   4122d9993dc93742 0000000a00000000
0x000000001a57ec60:   0000000800000006 000000001a57ee01
0x000000001a57ec70:   000000001943cb20 0000000019466a70
0x000000001a57ec80:   000000001a57ecc0 00000000661a0d9b
0x000000001a57ec90:   0000000000000000 00000000029713e0
0x000000001a57eca0:   0000000000000400 000000001a57ecb8
0x000000001a57ecb0:   423452e89b350000 0000000000000000
0x000000001a57ecc0:   423452e89b700000 0000000000000000
0x000000001a57ecd0:   3fa2d9993f493742 0000000a00000000
0x000000001a57ece0:   0000000800000006 000000001a57ee01
0x000000001a57ecf0:   0000000000000000 0000000000000000 

Instructions: (pc=0x00000000661a4be9)
0x00000000661a4bc9:   eb 09 0f 1f 44 00 00 48 83 c2 14 48 0f bf 48 02
0x00000000661a4bd9:   4c 39 ca f3 0f 10 40 04 48 0f bf 00 49 8d 04 80
0x00000000661a4be9:   f3 0f 10 08 f3 0f 58 c8 f3 0f 11 08 49 8d 04 88
0x00000000661a4bf9:   f3 0f 58 00 f3 0f 11 00 48 89 d0 75 ca 48 83 c4 


Register to memory mapping:

RAX=0x00000000268f6a8c is an unknown value
RBX=0x0000000019466a70 is an unknown value
RCX=0xffffffffffffae8c is an unknown value
RDX=0x000000003331c074 is an unknown value
RSP=0x000000001a57ec00 is pointing into the stack for thread: 0x0000000019120000
RBP=0x000000001a57ecd0 is pointing into the stack for thread: 0x0000000019120000
RSI=0x000000001a57ec50 is pointing into the stack for thread: 0x0000000019120000
RDI=0x000000001a57ecd0 is pointing into the stack for thread: 0x0000000019120000
R8 =0x000000002690b060 is an unknown value
R9 =0x00000000363d8938 is an unknown value
R10=0x0000000032cc7060 is an unknown value
R11=0x0000000032303068 is an unknown value
R12=0x000000001a57ecb0 is pointing into the stack for thread: 0x0000000019120000
R13={method} {0x00000000171891c0} 'jniStep' '(JFIII)V' in 'com/badlogic/gdx/physics/box2d/World'
R14=0x000000001a57eee0 is pointing into the stack for thread: 0x0000000019120000
R15=0x0000000019120000 is a thread


Stack: [0x000000001a480000,0x000000001a580000],  sp=0x000000001a57ec00,  free space=1019k
Native frames: (J=compiled Java code, j=interpreted, Vv=VM code, C=native code)
C  [gdx-liquidfun64.dll+0x24be9]
C  [gdx-liquidfun64.dll+0x2ef73]
C  [gdx-liquidfun64.dll+0x20d9b]
C  [gdx-liquidfun64.dll+0x337da]
C  0x00000000029289a7

Java frames: (J=compiled Java code, j=interpreted, Vv=VM code)
j  com.badlogic.gdx.physics.box2d.World.jniStep(JFIII)V+0
j  com.badlogic.gdx.physics.box2d.World.step(FIII)V+10
j  com.pendurpandurok.csuporka.MenuStage.draw()V+31
j  com.pendurpandurok.csuporka.MenuScreen.render(F)V+17
j  com.badlogic.gdx.Game.render()V+19
j  com.badlogic.gdx.backends.lwjgl.LwjglApplication.mainLoop()V+770
j  com.badlogic.gdx.backends.lwjgl.LwjglApplication$1.run()V+27
v  ~StubRoutines::call_stub

---------------  P R O C E S S  ---------------

Java Threads: ( => current thread )
  0x0000000019ad9800 JavaThread "LWJGL Timer" daemon [_thread_blocked, id=5856, stack(0x000000001b4f0000,0x000000001b5f0000)]
  0x0000000019c8c800 JavaThread "AssetManager" daemon [_thread_blocked, id=7172, stack(0x000000001b3f0000,0x000000001b4f0000)]
  0x0000000002752800 JavaThread "DestroyJavaVM" [_thread_blocked, id=4480, stack(0x0000000000ea0000,0x0000000000fa0000)]
=>0x0000000019120000 JavaThread "LWJGL Application" [_thread_in_native, id=6332, stack(0x000000001a480000,0x000000001a580000)]
  0x0000000018e23800 JavaThread "Service Thread" daemon [_thread_blocked, id=3640, stack(0x00000000191f0000,0x00000000192f0000)]
  0x0000000017498000 JavaThread "C1 CompilerThread2" daemon [_thread_blocked, id=6032, stack(0x0000000018cf0000,0x0000000018df0000)]
  0x000000001748e000 JavaThread "C2 CompilerThread1" daemon [_thread_blocked, id=7280, stack(0x0000000018bf0000,0x0000000018cf0000)]
  0x0000000017488800 JavaThread "C2 CompilerThread0" daemon [_thread_blocked, id=1380, stack(0x0000000018af0000,0x0000000018bf0000)]
  0x0000000017487000 JavaThread "Attach Listener" daemon [_thread_blocked, id=2644, stack(0x00000000189f0000,0x0000000018af0000)]
  0x0000000017485800 JavaThread "Signal Dispatcher" daemon [_thread_blocked, id=7288, stack(0x00000000188f0000,0x00000000189f0000)]
  0x000000000284d000 JavaThread "Finalizer" daemon [_thread_blocked, id=7292, stack(0x00000000186e0000,0x00000000187e0000)]
  0x0000000017469000 JavaThread "Reference Handler" daemon [_thread_blocked, id=4820, stack(0x00000000185e0000,0x00000000186e0000)]

Other Threads:
  0x0000000017446800 VMThread [stack: 0x00000000184e0000,0x00000000185e0000] [id=4320]
  0x00000000174de800 WatcherThread [stack: 0x00000000192f0000,0x00000000193f0000] [id=1624]

VM state:not at safepoint (normal execution)

VM Mutex/Monitor currently owned by a thread: None

heap address: 0x0000000081400000, size: 2028 MB, Compressed Oops mode: 32-bit
Narrow klass base: 0x0000000000000000, Narrow klass shift: 3
Compressed class space size: 1073741824 Address: 0x0000000100000000

Heap:
 PSYoungGen      total 38400K, used 17651K [0x00000000d5c00000, 0x00000000d8680000, 0x0000000100000000)
  eden space 33280K, 53% used [0x00000000d5c00000,0x00000000d6d3ce78,0x00000000d7c80000)
  from space 5120K, 0% used [0x00000000d8180000,0x00000000d8180000,0x00000000d8680000)
  to   space 5120K, 0% used [0x00000000d7c80000,0x00000000d7c80000,0x00000000d8180000)
 ParOldGen       total 87552K, used 0K [0x0000000081400000, 0x0000000086980000, 0x00000000d5c00000)
  object space 87552K, 0% used [0x0000000081400000,0x0000000081400000,0x0000000086980000)
 Metaspace       used 7609K, capacity 7907K, committed 7936K, reserved 1056768K
  class space    used 707K, capacity 752K, committed 768K, reserved 1048576K

Card table byte_map: [0x0000000011cd0000,0x00000000120d0000] byte_map_base: 0x00000000118c6000

Marking Bits: (ParMarkBitMap*) 0x0000000053679f30
 Begin Bits: [0x0000000012780000, 0x0000000014730000)
 End Bits:   [0x0000000014730000, 0x00000000166e0000)

Polling page: 0x00000000009f0000

CodeCache: size=245760Kb used=2331Kb max_used=2331Kb free=243428Kb
 bounds [0x0000000002910000, 0x0000000002b80000, 0x0000000011910000]
 total_blobs=942 nmethods=458 adapters=398
 compilation: enabled

Compilation events (10 events):
Event: 2.200 Thread 0x0000000017498000  452   !   3       java.util.zip.ZipFile::releaseInflater (41 bytes)
Event: 2.201 Thread 0x0000000017498000 nmethod 452 0x0000000002b54810 code [0x0000000002b549c0, 0x0000000002b550d8]
Event: 2.201 Thread 0x0000000017498000  453   !   3       java.util.zip.Inflater::reset (69 bytes)
Event: 2.201 Thread 0x0000000017498000 nmethod 453 0x0000000002b553d0 code [0x0000000002b55560, 0x0000000002b559b8]
Event: 2.208 Thread 0x0000000017498000  455       3       java.util.ArrayDeque::add (7 bytes)
Event: 2.208 Thread 0x0000000017498000 nmethod 455 0x0000000002b55f10 code [0x0000000002b56080, 0x0000000002b56228]
Event: 2.208 Thread 0x0000000017498000  456       3       java.util.ArrayDeque::addLast (53 bytes)
Event: 2.208 Thread 0x0000000017498000 nmethod 456 0x0000000002b562d0 code [0x0000000002b56460, 0x0000000002b56878]
Event: 2.222 Thread 0x0000000017498000  457  s    3       java.util.Vector::elementAt (48 bytes)
Event: 2.223 Thread 0x0000000017498000 nmethod 457 0x0000000002b57610 code [0x0000000002b57820, 0x0000000002b583a8]

GC Heap History (0 events):
No events

Deoptimization events (0 events):
No events

Classes redefined (0 events):
No events

Internal exceptions (10 events):
Event: 0.235 Thread 0x0000000002752800 Exception <a 'java/security/PrivilegedActionException'> (0x00000000d5ecbd30) thrown at [D:\src\AOSP-openjdk-cygwin\jdk8u\hotspot\src\share\vm\prims\jvm.cpp, line 1508]
Event: 0.235 Thread 0x0000000002752800 Exception <a 'java/security/PrivilegedActionException'> (0x00000000d5ecbf40) thrown at [D:\src\AOSP-openjdk-cygwin\jdk8u\hotspot\src\share\vm\prims\jvm.cpp, line 1508]
Event: 0.235 Thread 0x0000000002752800 Exception <a 'java/security/PrivilegedActionException'> (0x00000000d5ecd478) thrown at [D:\src\AOSP-openjdk-cygwin\jdk8u\hotspot\src\share\vm\prims\jvm.cpp, line 1508]
Event: 0.235 Thread 0x0000000002752800 Exception <a 'java/security/PrivilegedActionException'> (0x00000000d5ecd688) thrown at [D:\src\AOSP-openjdk-cygwin\jdk8u\hotspot\src\share\vm\prims\jvm.cpp, line 1508]
Event: 0.655 Thread 0x0000000002752800 Exception <a 'java/security/PrivilegedActionException'> (0x00000000d5ff6130) thrown at [D:\src\AOSP-openjdk-cygwin\jdk8u\hotspot\src\share\vm\prims\jvm.cpp, line 1508]
Event: 0.655 Thread 0x0000000002752800 Exception <a 'java/security/PrivilegedActionException'> (0x00000000d5ff7e08) thrown at [D:\src\AOSP-openjdk-cygwin\jdk8u\hotspot\src\share\vm\prims\jvm.cpp, line 1508]
Event: 0.656 Thread 0x0000000002752800 Exception <a 'java/security/PrivilegedActionException'> (0x00000000d5ff8f78) thrown at [D:\src\AOSP-openjdk-cygwin\jdk8u\hotspot\src\share\vm\prims\jvm.cpp, line 1508]
Event: 0.656 Thread 0x0000000002752800 Exception <a 'java/security/PrivilegedActionException'> (0x00000000d5ffe0e0) thrown at [D:\src\AOSP-openjdk-cygwin\jdk8u\hotspot\src\share\vm\prims\jvm.cpp, line 1508]
Event: 0.656 Thread 0x0000000002752800 Exception <a 'java/security/PrivilegedActionException'> (0x00000000d5ffed38) thrown at [D:\src\AOSP-openjdk-cygwin\jdk8u\hotspot\src\share\vm\prims\jvm.cpp, line 1508]
Event: 0.656 Thread 0x0000000002752800 Exception <a 'java/security/PrivilegedActionException'> (0x00000000d5fff960) thrown at [D:\src\AOSP-openjdk-cygwin\jdk8u\hotspot\src\share\vm\prims\jvm.cpp, line 1508]

Events (10 events):
Event: 2.199 loading class com/badlogic/gdx/graphics/glutils/ImmediateModeRenderer20
Event: 2.200 loading class com/badlogic/gdx/graphics/glutils/ImmediateModeRenderer20 done
Event: 2.217 loading class com/badlogic/gdx/graphics/glutils/VertexBufferObject
Event: 2.217 loading class com/badlogic/gdx/graphics/glutils/VertexBufferObject done
Event: 2.218 loading class org/lwjgl/opengl/GL15
Event: 2.218 loading class org/lwjgl/opengl/GL15 done
Event: 2.220 loading class com/badlogic/gdx/graphics/glutils/IndexBufferObject
Event: 2.220 loading class com/badlogic/gdx/graphics/glutils/IndexBufferObject done
Event: 2.221 loading class finnstr/libgdx/liquidfun/ParticleDebugRenderer
Event: 2.221 loading class finnstr/libgdx/liquidfun/ParticleDebugRenderer done


Dynamic libraries:
0x00007ff79f2b0000 - 0x00007ff79f2e1000 	C:\Program Files\Android\Android Studio\jre\bin\java.exe
0x00007ff985360000 - 0x00007ff985550000 	C:\WINDOWS\SYSTEM32\ntdll.dll
0x00007ff983940000 - 0x00007ff9839f2000 	C:\WINDOWS\System32\KERNEL32.DLL
0x00007ff9830b0000 - 0x00007ff983353000 	C:\WINDOWS\System32\KERNELBASE.dll
0x00007ff984e70000 - 0x00007ff984f13000 	C:\WINDOWS\System32\ADVAPI32.dll
0x00007ff984520000 - 0x00007ff9845be000 	C:\WINDOWS\System32\msvcrt.dll
0x00007ff984210000 - 0x00007ff9842a7000 	C:\WINDOWS\System32\sechost.dll
0x00007ff983760000 - 0x00007ff983880000 	C:\WINDOWS\System32\RPCRT4.dll
0x00007ff983420000 - 0x00007ff9835b3000 	C:\WINDOWS\System32\USER32.dll
0x00007ff983000000 - 0x00007ff983021000 	C:\WINDOWS\System32\win32u.dll
0x00007ff983a00000 - 0x00007ff983a26000 	C:\WINDOWS\System32\GDI32.dll
0x00007ff982ce0000 - 0x00007ff982e74000 	C:\WINDOWS\System32\gdi32full.dll
0x00007ff982b70000 - 0x00007ff982c0e000 	C:\WINDOWS\System32\msvcp_win.dll
0x00007ff9822f0000 - 0x00007ff9823ea000 	C:\WINDOWS\System32\ucrtbase.dll
0x00007ff9724b0000 - 0x00007ff972735000 	C:\WINDOWS\WinSxS\amd64_microsoft.windows.common-controls_6595b64144ccf1df_6.0.18362.295_none_e6c3acbd13101292\COMCTL32.dll
0x00007ff9845c0000 - 0x00007ff9848f6000 	C:\WINDOWS\System32\combase.dll
0x00007ff983030000 - 0x00007ff9830b0000 	C:\WINDOWS\System32\bcryptPrimitives.dll
0x00007ff984f20000 - 0x00007ff984f4e000 	C:\WINDOWS\System32\IMM32.DLL
0x0000000052c70000 - 0x0000000052d42000 	C:\Program Files\Android\Android Studio\jre\jre\bin\msvcr100.dll
0x0000000052eb0000 - 0x00000000536f6000 	C:\Program Files\Android\Android Studio\jre\jre\bin\server\jvm.dll
0x00007ff985310000 - 0x00007ff985318000 	C:\WINDOWS\System32\PSAPI.DLL
0x00007ff97e7a0000 - 0x00007ff97e7c4000 	C:\WINDOWS\SYSTEM32\WINMM.dll
0x00007ff976450000 - 0x00007ff97645a000 	C:\WINDOWS\SYSTEM32\VERSION.dll
0x00007ff96f870000 - 0x00007ff96f879000 	C:\WINDOWS\SYSTEM32\WSOCK32.dll
0x00007ff9841a0000 - 0x00007ff98420f000 	C:\WINDOWS\System32\WS2_32.dll
0x00007ff97e770000 - 0x00007ff97e79d000 	C:\WINDOWS\SYSTEM32\winmmbase.dll
0x00007ff9833c0000 - 0x00007ff98340a000 	C:\WINDOWS\System32\cfgmgr32.dll
0x00007ff97aff0000 - 0x00007ff97afff000 	C:\Program Files\Android\Android Studio\jre\jre\bin\verify.dll
0x00007ff97afc0000 - 0x00007ff97afe9000 	C:\Program Files\Android\Android Studio\jre\jre\bin\java.dll
0x00007ff97afa0000 - 0x00007ff97afb6000 	C:\Program Files\Android\Android Studio\jre\jre\bin\zip.dll
0x00007ff983a30000 - 0x00007ff984112000 	C:\WINDOWS\System32\SHELL32.dll
0x00007ff985260000 - 0x00007ff985309000 	C:\WINDOWS\System32\shcore.dll
0x00007ff9823f0000 - 0x00007ff982b6c000 	C:\WINDOWS\System32\windows.storage.dll
0x00007ff9822b0000 - 0x00007ff9822cf000 	C:\WINDOWS\System32\profapi.dll
0x00007ff982260000 - 0x00007ff9822aa000 	C:\WINDOWS\System32\powrprof.dll
0x00007ff982230000 - 0x00007ff982240000 	C:\WINDOWS\System32\UMPDC.dll
0x00007ff9844c0000 - 0x00007ff984512000 	C:\WINDOWS\System32\shlwapi.dll
0x00007ff982240000 - 0x00007ff982251000 	C:\WINDOWS\System32\kernel.appcore.dll
0x00007ff982c10000 - 0x00007ff982c27000 	C:\WINDOWS\System32\cryptsp.dll
0x0000000065ac0000 - 0x0000000065b0b000 	R:\Temp\libgdxtanulo\7d76f548\gdx64.dll
0x00007ff981610000 - 0x00007ff981643000 	C:\WINDOWS\system32\rsaenh.dll
0x00007ff982e80000 - 0x00007ff982ea6000 	C:\WINDOWS\System32\bcrypt.dll
0x00007ff982150000 - 0x00007ff982175000 	C:\WINDOWS\SYSTEM32\USERENV.dll
0x00007ff981c70000 - 0x00007ff981c7c000 	C:\WINDOWS\SYSTEM32\CRYPTBASE.dll
0x00007ff97af80000 - 0x00007ff97af9a000 	C:\Program Files\Android\Android Studio\jre\jre\bin\net.dll
0x00007ff981aa0000 - 0x00007ff981b07000 	C:\WINDOWS\system32\mswsock.dll
0x00007ff9817b0000 - 0x00007ff9817ea000 	C:\WINDOWS\SYSTEM32\IPHLPAPI.DLL
0x00007ff983410000 - 0x00007ff983418000 	C:\WINDOWS\System32\NSI.dll
0x00007ff9763f0000 - 0x00007ff976406000 	C:\WINDOWS\SYSTEM32\dhcpcsvc6.DLL
0x00007ff976a00000 - 0x00007ff976a1c000 	C:\WINDOWS\SYSTEM32\dhcpcsvc.DLL
0x00007ff9817f0000 - 0x00007ff9818ba000 	C:\WINDOWS\SYSTEM32\DNSAPI.dll
0x00007ff97af60000 - 0x00007ff97af71000 	C:\Program Files\Android\Android Studio\jre\jre\bin\nio.dll
0x0000000180000000 - 0x0000000180053000 	R:\Temp\libgdxtanulo\1cecf4f6\lwjgl64.dll
0x00007ff969e00000 - 0x00007ff969f4f000 	C:\WINDOWS\SYSTEM32\OPENGL32.dll
0x00007ff96b350000 - 0x00007ff96b37c000 	C:\WINDOWS\SYSTEM32\GLU32.dll
0x00007ff980ea0000 - 0x00007ff980ec0000 	C:\WINDOWS\SYSTEM32\dxcore.dll
0x0000000002850000 - 0x00000000028b4000 	R:\Temp\libgdxtanulo\1cecf4f6\OpenAL64.dll
0x00007ff9842b0000 - 0x00007ff984406000 	C:\WINDOWS\System32\ole32.dll
0x00007ff9801c0000 - 0x00007ff980259000 	C:\WINDOWS\system32\uxtheme.dll
0x00007ff984410000 - 0x00007ff9844b2000 	C:\WINDOWS\System32\clbcatq.dll
0x00007ff96b5e0000 - 0x00007ff96b679000 	C:\WINDOWS\SYSTEM32\dsound.dll
0x00007ff974d00000 - 0x00007ff974d78000 	C:\WINDOWS\System32\MMDevApi.dll
0x00007ff982030000 - 0x00007ff98205a000 	C:\WINDOWS\System32\DEVOBJ.dll
0x00007ff972ee0000 - 0x00007ff97303d000 	C:\WINDOWS\SYSTEM32\AUDIOSES.DLL
0x00007ff983690000 - 0x00007ff983754000 	C:\WINDOWS\System32\OLEAUT32.dll
0x00007ff97cf40000 - 0x00007ff97d093000 	C:\WINDOWS\SYSTEM32\wintypes.dll
0x00007ff9804f0000 - 0x00007ff980504000 	C:\WINDOWS\SYSTEM32\resourcepolicyclient.dll
0x00007ff97d730000 - 0x00007ff97d7de000 	C:\WINDOWS\SYSTEM32\mscms.dll
0x00007ff97cf20000 - 0x00007ff97cf37000 	C:\WINDOWS\SYSTEM32\ColorAdapterClient.dll
0x00007ff984f70000 - 0x00007ff9850a6000 	C:\WINDOWS\System32\MSCTF.dll
0x00007ff9760b0000 - 0x00007ff97614e000 	C:\WINDOWS\System32\TextInputFramework.dll
0x00007ff97d1d0000 - 0x00007ff97d4fa000 	C:\WINDOWS\System32\CoreUIComponents.dll
0x00007ff97f8c0000 - 0x00007ff97f994000 	C:\WINDOWS\System32\CoreMessaging.dll
0x00007ff981290000 - 0x00007ff9812c1000 	C:\WINDOWS\SYSTEM32\ntmarta.dll
0x00007ff974870000 - 0x00007ff974b16000 	C:\WINDOWS\System32\iertutil.dll
0x00007ff94cab0000 - 0x00007ff94d943000 	C:\WINDOWS\System32\DriverStore\FileRepository\ki130274.inf_amd64_bafd2440fa1ffdd6\ig9icd64.dll
0x00007ff980510000 - 0x00007ff98053d000 	C:\WINDOWS\SYSTEM32\dwmapi.dll
0x00007ff980f30000 - 0x00007ff98101a000 	C:\WINDOWS\system32\dxgi.dll
0x00007ff97ce50000 - 0x00007ff97ce93000 	C:\WINDOWS\SYSTEM32\icm32.dll
0x00007ff96d4b0000 - 0x00007ff96d592000 	C:\WINDOWS\System32\DriverStore\FileRepository\ki130274.inf_amd64_bafd2440fa1ffdd6\igdgmm64.dll
0x00007ff976b10000 - 0x00007ff978a75000 	C:\WINDOWS\System32\DriverStore\FileRepository\ki130274.inf_amd64_bafd2440fa1ffdd6\igc64.dll
0x0000000066180000 - 0x0000000066207000 	R:\Temp\libgdxtanulo\4441a81e\gdx-liquidfun64.dll
0x00007ff980b10000 - 0x00007ff980d04000 	C:\WINDOWS\SYSTEM32\dbghelp.dll

VM Arguments:
jvm_args: -Dfile.encoding=windows-1250 -Duser.country=HU -Duser.language=hu -Duser.variant 
java_command: com.pendurpandurok.csuporka.desktop.DesktopLauncher
java_class_path (initial): C:\Users\tanulo\Documents\pendroid\asdhasasdf\desktop\build\classes\java\main;C:\Users\tanulo\Documents\pendroid\asdhasasdf\desktop\build\resources\main;C:\Users\tanulo\Documents\pendroid\asdhasasdf\desktop\libs\gdx-liquidfun-natives.jar;C:\Users\tanulo\.gradle\caches\modules-2\files-2.1\com.badlogicgames.gdx\gdx-backend-lwjgl\1.9.10\8f88abd43500d94c486d25f04d642318da72773a\gdx-backend-lwjgl-1.9.10.jar;C:\Users\tanulo\.gradle\caches\modules-2\files-2.1\com.badlogicgames.gdx\gdx-platform\1.9.10\1907b49f8363dd1ee37d273854a9cc3c741a6e66\gdx-platform-1.9.10-natives-desktop.jar;C:\Users\tanulo\.gradle\caches\modules-2\files-2.1\com.badlogicgames.gdx\gdx-freetype-platform\1.9.10\5c4b67db9c1d62383b718ce040c7cdb555d5b19f\gdx-freetype-platform-1.9.10-natives-desktop.jar;C:\Users\tanulo\Documents\pendroid\asdhasasdf\core\build\libs\core-1.0.jar;C:\Users\tanulo\Documents\pendroid\asdhasasdf\core\libs\gdx-liquidfun.jar;C:\Users\tanulo\.gradle\caches\modules-2\files-2.1\com.badlogicgames.gdx\gdx-freetype\1.9.10\8853e4f08589a9feb4b851187909cfde8810e491\gdx-freetype-1.9.10.jar;C:\Users\tanulo\.gradle\caches\modules-2\files-2.1\com.badlogicgames.gdx\gdx\1.9.10\79d9ad27bd5e3eb18c9ade61d3a27d7237695d53\gdx-1.9.10.jar;C:\Users\tanulo\.gradle\caches\modules-2\files-2.1\org.lwjgl.lwjgl\lwjgl_util\2.9.3\751f06b62424da056954c67288fd5c494431e350\lwjgl_util-2.9.3.jar;C:\Users\tanulo\.gradle\caches\modules-2\files-2.1\org.lwjgl.lwjgl\lwjgl\2.9.3\3df168ac74e4a8c96562cdff24ad352e255bf89c\lwjgl-2.9.3.jar;C:\Users\tanulo\.gradle\caches\modules-2\files-2.1\com.badlogicgames.jlayer\jlayer\1.0.1-gdx\7cca83cec5c1b2f011362f4d85aabd71a73b049d\jlayer-1.0.1-gdx.jar;C:\Users\tanulo\.gradle\caches\modules-2\files-2.1\org.jcraft\jorbis\0.0.17\8872d22b293e8f5d7d56ff92be966e6dc28ebdc6\jorbis-0.0.17.jar;C:\Users\tanulo\.gradle\caches\modules-2\files-2.1\org.lwjgl.lwjgl\lwjgl-platform\2.9.3\fbc2afb3e288578e9942578decb6291a490549a0\lwjgl-platform-2.9.3-natives-windows.jar;C:\Users\t
Launcher Type: SUN_STANDARD

Environment Variables:
PATH=C:\Program Files (x86)\Common Files\Oracle\Java\javapath;C:\ProgramData\Oracle\Java\javapath;C:\WINDOWS\system32;C:\WINDOWS;C:\WINDOWS\System32\Wbem;C:\WINDOWS\System32\WindowsPowerShell\v1.0\;C:\Program Files\Git\cmd;C:\Program Files (x86)\PuTTY\;C:\WINDOWS\System32\OpenSSH\;C:\Users\tanulo\AppData\Local\Microsoft\WindowsApps;
USERNAME=tanulo
OS=Windows_NT
PROCESSOR_IDENTIFIER=Intel64 Family 6 Model 78 Stepping 3, GenuineIntel



---------------  S Y S T E M  ---------------

OS: Windows 10.0 , 64 bit Build 18362 (10.0.18362.86)

CPU:total 4 (initial active 4) (2 cores per cpu, 2 threads per core) family 6 model 78 stepping 3, cmov, cx8, fxsr, mmx, sse, sse2, sse3, ssse3, sse4.1, sse4.2, popcnt, avx, avx2, aes, clmul, erms, 3dnowpref, lzcnt, ht, tsc, tscinvbit, bmi1, bmi2, adx

Memory: 4k page, physical 8303528k(2342344k free), swap 9614248k(1092860k free)

vm_info: OpenJDK 64-Bit Server VM (25.202-b03) for windows-amd64 JRE (1.8.0_202-release-1483-b03), built by "builder" with MS VC++ 10.0 (VS2010)

time: Wed Oct 16 17:50:50 2019
timezone: Közép-európai nyári idõ 
elapsed time: 2 seconds (0d 0h 0m 2s)

